<?xml version="1.0" encoding="UTF-8"?>
<!-- Generated by org.testng.reporters.JUnitReportReporter -->
<testsuite hostname="DESKTOP-5C8H91H" failures="0" tests="1" name="testNGpackage.Sumo" time="0.036" errors="0" timestamp="2023-06-01T22:56:33 IST" skipped="0">
  <testcase classname="testNGpackage.Sumo" name="sumoMethod" time="0.036"/>
  <system-out>
    <![CDATA[Where is Selenium!!]]>
  </system-out>
</testsuite> <!-- testNGpackage.Sumo -->
